2024-12-24 22:28:23.774 [info] Log level: Info
2024-12-24 22:28:23.774 [info] Validating found git in: "git"
2024-12-24 22:28:23.774 [info] Using git "2.43.0" from "git"
2024-12-24 22:28:23.774 [info] > git rev-parse --show-toplevel [2ms]
2024-12-24 22:28:23.774 [info] > git rev-parse --git-dir --git-common-dir [1ms]
2024-12-24 22:28:23.775 [info] Open repository: /home/allyelvis6569
2024-12-24 22:28:23.775 [info] > git config --get commit.template [6ms]
2024-12-24 22:28:23.775 [info] > git rev-parse --show-toplevel [3ms]
2024-12-24 22:28:23.775 [info] > git for-each-ref --format=%(refname)%00%(upstream:short)%00%(objectname)%00%(upstream:track)%00%(upstream:remotename)%00%(upstream:remoteref) refs/heads/master refs/remotes/master [7ms]
2024-12-24 22:28:23.775 [warning] No such branch: master.
2024-12-24 22:28:23.775 [info] > git rev-parse --show-toplevel [8ms]
2024-12-24 22:28:23.775 [info] > git status -z -uall [8ms]
2024-12-24 22:28:23.775 [info] > git rev-parse --show-toplevel [16ms]
2024-12-24 22:28:23.775 [info] > git config --get commit.template [6ms]
2024-12-24 22:28:23.775 [info] > git rev-parse --show-toplevel [6ms]
2024-12-24 22:28:23.775 [info] > git for-each-ref --format=%(refname)%00%(upstream:short)%00%(objectname)%00%(upstream:track)%00%(upstream:remotename)%00%(upstream:remoteref) refs/heads/master refs/remotes/master [6ms]
2024-12-24 22:28:23.775 [warning] No such branch: master.
2024-12-24 22:28:23.775 [info] > git rev-parse --show-toplevel [6ms]
2024-12-24 22:28:23.775 [info] > git status -z -uall [6ms]
2024-12-24 22:28:23.775 [info] > git rev-parse --show-toplevel [5ms]
2024-12-24 22:28:23.775 [info] > git rev-parse --show-toplevel [40ms]
2024-12-24 22:28:23.775 [info] > git rev-parse --show-toplevel [1ms]
2024-12-24 22:28:23.775 [info] > git rev-parse --show-toplevel [2ms]
2024-12-24 22:28:24.785 [info] > git config --get commit.template [6ms]
2024-12-24 22:28:24.786 [info] > git for-each-ref --format=%(refname)%00%(upstream:short)%00%(objectname)%00%(upstream:track)%00%(upstream:remotename)%00%(upstream:remoteref) refs/heads/master refs/remotes/master [2ms]
2024-12-24 22:28:24.786 [warning] No such branch: master.
2024-12-24 22:28:24.793 [info] > git status -z -uall [3ms]
2024-12-24 22:28:26.653 [info] > git check-ignore -v -z --stdin [2ms]
2024-12-24 22:28:27.907 [info] > git check-ignore -v -z --stdin [2ms]
2024-12-24 22:28:31.178 [info] > git config --get commit.template [7ms]
2024-12-24 22:28:31.179 [info] > git for-each-ref --format=%(refname)%00%(upstream:short)%00%(objectname)%00%(upstream:track)%00%(upstream:remotename)%00%(upstream:remoteref) refs/heads/master refs/remotes/master [2ms]
2024-12-24 22:28:31.179 [warning] No such branch: master.
2024-12-24 22:28:31.187 [info] > git status -z -uall [3ms]
2024-12-24 22:28:44.193 [info] > git show --textconv :README-cloudshell.txt [19ms]
2024-12-24 22:28:44.195 [info] > git ls-files --stage -- /home/allyelvis6569/README-cloudshell.txt [5ms]
2024-12-24 22:28:44.212 [info] > git cat-file -s 9fa5a74e750d98eb725eca4ca09ba01af2f5cd24 [4ms]
2024-12-24 22:28:44.417 [info] > git config --get commit.template [2ms]
2024-12-24 22:28:44.437 [info] > git for-each-ref --format=%(refname)%00%(upstream:short)%00%(objectname)%00%(upstream:track)%00%(upstream:remotename)%00%(upstream:remoteref) refs/heads/master refs/remotes/master [2ms]
2024-12-24 22:28:44.437 [warning] No such branch: master.
2024-12-24 22:28:44.460 [info] > git status -z -uall [4ms]
2024-12-24 22:28:50.338 [info] > git config --get commit.template [18ms]
2024-12-24 22:28:50.338 [info] > git for-each-ref --format=%(refname)%00%(upstream:short)%00%(objectname)%00%(upstream:track)%00%(upstream:remotename)%00%(upstream:remoteref) refs/heads/master refs/remotes/master [1ms]
2024-12-24 22:28:50.338 [warning] No such branch: master.
2024-12-24 22:28:50.358 [info] > git status -z -uall [3ms]
2024-12-24 22:28:55.397 [info] > git config --get commit.template [18ms]
2024-12-24 22:28:55.398 [info] > git for-each-ref --format=%(refname)%00%(upstream:short)%00%(objectname)%00%(upstream:track)%00%(upstream:remotename)%00%(upstream:remoteref) refs/heads/master refs/remotes/master [1ms]
2024-12-24 22:28:55.398 [warning] No such branch: master.
2024-12-24 22:28:55.417 [info] > git status -z -uall [3ms]
2024-12-24 22:29:00.307 [info] > git check-ignore -v -z --stdin [1ms]
2024-12-24 22:29:00.459 [info] > git config --get commit.template [19ms]
2024-12-24 22:29:00.459 [info] > git for-each-ref --format=%(refname)%00%(upstream:short)%00%(objectname)%00%(upstream:track)%00%(upstream:remotename)%00%(upstream:remoteref) refs/heads/master refs/remotes/master [1ms]
2024-12-24 22:29:00.460 [warning] No such branch: master.
2024-12-24 22:29:00.482 [info] > git status -z -uall [3ms]
2024-12-24 22:29:05.523 [info] > git config --get commit.template [18ms]
2024-12-24 22:29:05.523 [info] > git for-each-ref --format=%(refname)%00%(upstream:short)%00%(objectname)%00%(upstream:track)%00%(upstream:remotename)%00%(upstream:remoteref) refs/heads/master refs/remotes/master [1ms]
2024-12-24 22:29:05.523 [warning] No such branch: master.
2024-12-24 22:29:05.542 [info] > git status -z -uall [3ms]
2024-12-24 22:29:10.582 [info] > git config --get commit.template [17ms]
2024-12-24 22:29:10.582 [info] > git for-each-ref --format=%(refname)%00%(upstream:short)%00%(objectname)%00%(upstream:track)%00%(upstream:remotename)%00%(upstream:remoteref) refs/heads/master refs/remotes/master [1ms]
2024-12-24 22:29:10.582 [warning] No such branch: master.
2024-12-24 22:29:10.602 [info] > git status -z -uall [3ms]
2024-12-24 22:29:15.625 [info] > git config --get commit.template [2ms]
2024-12-24 22:29:15.643 [info] > git for-each-ref --format=%(refname)%00%(upstream:short)%00%(objectname)%00%(upstream:track)%00%(upstream:remotename)%00%(upstream:remoteref) refs/heads/master refs/remotes/master [2ms]
2024-12-24 22:29:15.643 [warning] No such branch: master.
2024-12-24 22:29:15.663 [info] > git status -z -uall [2ms]
2024-12-24 22:29:20.694 [info] > git config --get commit.template [13ms]
2024-12-24 22:29:20.694 [info] > git for-each-ref --format=%(refname)%00%(upstream:short)%00%(objectname)%00%(upstream:track)%00%(upstream:remotename)%00%(upstream:remoteref) refs/heads/master refs/remotes/master [2ms]
2024-12-24 22:29:20.694 [warning] No such branch: master.
2024-12-24 22:29:20.710 [info] > git status -z -uall [3ms]
2024-12-24 22:29:33.337 [info] > git check-ignore -v -z --stdin [2ms]
2024-12-24 22:30:37.405 [info] > git check-ignore -v -z --stdin [1ms]
2024-12-24 22:34:01.073 [info] > git config --get commit.template [15ms]
2024-12-24 22:34:01.074 [info] > git for-each-ref --format=%(refname)%00%(upstream:short)%00%(objectname)%00%(upstream:track)%00%(upstream:remotename)%00%(upstream:remoteref) refs/heads/master refs/remotes/master [2ms]
2024-12-24 22:34:01.074 [warning] No such branch: master.
2024-12-24 22:34:01.090 [info] > git status -z -uall [3ms]
2024-12-24 22:34:02.427 [info] > git check-ignore -v -z --stdin [2ms]
2024-12-24 22:34:06.124 [info] > git config --get commit.template [16ms]
2024-12-24 22:34:06.124 [info] > git for-each-ref --format=%(refname)%00%(upstream:short)%00%(objectname)%00%(upstream:track)%00%(upstream:remotename)%00%(upstream:remoteref) refs/heads/master refs/remotes/master [2ms]
2024-12-24 22:34:06.124 [warning] No such branch: master.
2024-12-24 22:34:06.140 [info] > git status -z -uall [3ms]
2024-12-24 22:34:07.895 [info] > git -c user.useConfigOnly=true commit --quiet --allow-empty-message --file - [6ms]
2024-12-24 22:34:07.910 [info] > git config --get commit.template [1ms]
2024-12-24 22:34:07.928 [info] > git config --get commit.template [2ms]
2024-12-24 22:34:07.943 [info] > git for-each-ref --format=%(refname)%00%(upstream:short)%00%(objectname)%00%(upstream:track)%00%(upstream:remotename)%00%(upstream:remoteref) refs/heads/master refs/remotes/master [1ms]
2024-12-24 22:34:07.959 [info] > git status -z -uall [3ms]
2024-12-24 22:34:08.847 [info] > git for-each-ref --format=%(refname)%00%(upstream:short)%00%(objectname)%00%(upstream:track)%00%(upstream:remotename)%00%(upstream:remoteref) refs/heads/master [2ms]
2024-12-24 22:34:08.862 [info] > git for-each-ref --format=%(refname)%00%(upstream:short)%00%(objectname)%00%(upstream:track)%00%(upstream:remotename)%00%(upstream:remoteref) refs/heads/master [2ms]
2024-12-24 22:34:08.878 [info] > git config --local branch.master.vscode-merge-base [1ms]
2024-12-24 22:34:08.878 [warning] git config failed: Failed to execute git
2024-12-24 22:34:08.894 [info] > git reflog refs/heads/master --grep-reflog=branch: Created from *. [2ms]
2024-12-24 22:34:08.910 [info] > git symbolic-ref --short refs/remotes/origin/HEAD [2ms]
2024-12-24 22:34:08.910 [info] fatal: ref refs/remotes/origin/HEAD is not a symbolic ref
2024-12-24 22:34:08.910 [info] GitHistoryProvider:resolveHistoryItemGroupBase - Failed to resolve history item group base for 'refs/heads/master'
2024-12-24 22:34:08.910 [info] GitHistoryProvider:resolveHistoryItemGroupCommonAncestor - Failed to resolve history item group base for 'refs/heads/master'
2024-12-24 22:34:09.132 [info] > git config --get commit.template [15ms]
2024-12-24 22:34:09.133 [info] > git for-each-ref --format=%(refname)%00%(upstream:short)%00%(objectname)%00%(upstream:track)%00%(upstream:remotename)%00%(upstream:remoteref) refs/heads/master refs/remotes/master [2ms]
2024-12-24 22:34:09.150 [info] > git status -z -uall [3ms]
2024-12-24 22:34:09.486 [info] > git for-each-ref --format=%(refname)%00%(upstream:short)%00%(objectname)%00%(upstream:track)%00%(upstream:remotename)%00%(upstream:remoteref) refs/heads/master [2ms]
2024-12-24 22:34:09.503 [info] > git for-each-ref --format=%(refname)%00%(upstream:short)%00%(objectname)%00%(upstream:track)%00%(upstream:remotename)%00%(upstream:remoteref) refs/heads/master [2ms]
2024-12-24 22:34:09.519 [info] > git config --local branch.master.vscode-merge-base [1ms]
2024-12-24 22:34:09.519 [warning] git config failed: Failed to execute git
2024-12-24 22:34:09.534 [info] > git reflog refs/heads/master --grep-reflog=branch: Created from *. [2ms]
2024-12-24 22:34:09.548 [info] > git symbolic-ref --short refs/remotes/origin/HEAD [2ms]
2024-12-24 22:34:09.548 [info] fatal: ref refs/remotes/origin/HEAD is not a symbolic ref
2024-12-24 22:34:09.548 [info] GitHistoryProvider:resolveHistoryItemGroupBase - Failed to resolve history item group base for 'refs/heads/master'
2024-12-24 22:34:09.548 [info] GitHistoryProvider:resolveHistoryItemGroupCommonAncestor - Failed to resolve history item group base for 'refs/heads/master'
2024-12-24 22:34:10.027 [info] > git for-each-ref --format=%(refname)%00%(upstream:short)%00%(objectname)%00%(upstream:track)%00%(upstream:remotename)%00%(upstream:remoteref) refs/heads/master [2ms]
2024-12-24 22:34:10.042 [info] > git for-each-ref --format=%(refname)%00%(upstream:short)%00%(objectname)%00%(upstream:track)%00%(upstream:remotename)%00%(upstream:remoteref) refs/heads/master [2ms]
2024-12-24 22:34:10.057 [info] > git config --local branch.master.vscode-merge-base [1ms]
2024-12-24 22:34:10.057 [warning] git config failed: Failed to execute git
2024-12-24 22:34:10.071 [info] > git reflog refs/heads/master --grep-reflog=branch: Created from *. [2ms]
2024-12-24 22:34:10.086 [info] > git symbolic-ref --short refs/remotes/origin/HEAD [2ms]
2024-12-24 22:34:10.086 [info] fatal: ref refs/remotes/origin/HEAD is not a symbolic ref
2024-12-24 22:34:10.086 [info] GitHistoryProvider:resolveHistoryItemGroupBase - Failed to resolve history item group base for 'refs/heads/master'
2024-12-24 22:34:10.086 [info] GitHistoryProvider:resolveHistoryItemGroupCommonAncestor - Failed to resolve history item group base for 'refs/heads/master'
2024-12-24 22:34:10.306 [info] > git ls-files --stage -- /home/allyelvis6569/README-cloudshell.txt [2ms]
2024-12-24 22:34:10.321 [info] > git cat-file -s 9fa5a74e750d98eb725eca4ca09ba01af2f5cd24 [2ms]
2024-12-24 22:34:10.756 [info] > git show --textconv :README-cloudshell.txt [2ms]
2024-12-24 22:34:11.172 [info] > git config --get commit.template [15ms]
2024-12-24 22:34:11.173 [info] > git for-each-ref --format=%(refname)%00%(upstream:short)%00%(objectname)%00%(upstream:track)%00%(upstream:remotename)%00%(upstream:remoteref) refs/heads/master refs/remotes/master [2ms]
2024-12-24 22:34:11.189 [info] > git status -z -uall [3ms]
2024-12-24 22:34:16.222 [info] > git config --get commit.template [14ms]
2024-12-24 22:34:16.223 [info] > git for-each-ref --format=%(refname)%00%(upstream:short)%00%(objectname)%00%(upstream:track)%00%(upstream:remotename)%00%(upstream:remoteref) refs/heads/master refs/remotes/master [1ms]
2024-12-24 22:34:16.238 [info] > git status -z -uall [3ms]
2024-12-24 22:34:18.708 [info] > git for-each-ref --format=%(refname)%00%(upstream:short)%00%(objectname)%00%(upstream:track)%00%(upstream:remotename)%00%(upstream:remoteref) refs/heads/master [4ms]
2024-12-24 22:34:18.726 [info] > git for-each-ref --format=%(refname)%00%(upstream:short)%00%(objectname)%00%(upstream:track)%00%(upstream:remotename)%00%(upstream:remoteref) refs/heads/master [3ms]
2024-12-24 22:34:18.740 [info] > git add -A -- . [345ms]
2024-12-24 22:34:18.740 [info] warning: adding embedded git repository: unity-app
hint: You've added another git repository inside your current repository.
hint: Clones of the outer repository will not contain the contents of
hint: the embedded repository and will not know how to obtain it.
hint: If you meant to add a submodule, use:
hint: 
hint: 	git submodule add <url> unity-app
hint: 
hint: If you added this path by mistake, you can remove it from the
hint: index with:
hint: 
hint: 	git rm --cached unity-app
hint: 
hint: See "git help submodule" for more information.
2024-12-24 22:34:18.754 [info] > git config --local branch.master.vscode-merge-base [15ms]
2024-12-24 22:34:18.754 [warning] git config failed: Failed to execute git
2024-12-24 22:34:18.768 [info] > git -c user.useConfigOnly=true commit --quiet --allow-empty-message --file - [15ms]
2024-12-24 22:34:18.781 [info] > git reflog refs/heads/master --grep-reflog=branch: Created from *. [14ms]
2024-12-24 22:34:18.793 [info] > git config --get commit.template [12ms]
2024-12-24 22:34:18.808 [info] > git symbolic-ref --short refs/remotes/origin/HEAD [15ms]
2024-12-24 22:34:18.808 [info] fatal: ref refs/remotes/origin/HEAD is not a symbolic ref
2024-12-24 22:34:18.808 [info] GitHistoryProvider:resolveHistoryItemGroupBase - Failed to resolve history item group base for 'refs/heads/master'
2024-12-24 22:34:18.808 [info] GitHistoryProvider:resolveHistoryItemGroupCommonAncestor - Failed to resolve history item group base for 'refs/heads/master'
2024-12-24 22:34:18.809 [info] > git config --get commit.template [1ms]
2024-12-24 22:34:18.823 [info] > git for-each-ref --format=%(refname)%00%(upstream:short)%00%(objectname)%00%(upstream:track)%00%(upstream:remotename)%00%(upstream:remoteref) refs/heads/master refs/remotes/master [1ms]
2024-12-24 22:34:18.842 [info] > git status -z -uall [7ms]
2024-12-24 22:34:19.146 [info] > git for-each-ref --format=%(refname)%00%(upstream:short)%00%(objectname)%00%(upstream:track)%00%(upstream:remotename)%00%(upstream:remoteref) refs/heads/master [2ms]
2024-12-24 22:34:19.160 [info] > git for-each-ref --format=%(refname)%00%(upstream:short)%00%(objectname)%00%(upstream:track)%00%(upstream:remotename)%00%(upstream:remoteref) refs/heads/master [1ms]
2024-12-24 22:34:19.175 [info] > git config --local branch.master.vscode-merge-base [1ms]
2024-12-24 22:34:19.176 [warning] git config failed: Failed to execute git
2024-12-24 22:34:19.190 [info] > git reflog refs/heads/master --grep-reflog=branch: Created from *. [2ms]
2024-12-24 22:34:19.205 [info] > git symbolic-ref --short refs/remotes/origin/HEAD [1ms]
2024-12-24 22:34:19.205 [info] fatal: ref refs/remotes/origin/HEAD is not a symbolic ref
2024-12-24 22:34:19.205 [info] GitHistoryProvider:resolveHistoryItemGroupBase - Failed to resolve history item group base for 'refs/heads/master'
2024-12-24 22:34:19.205 [info] GitHistoryProvider:resolveHistoryItemGroupCommonAncestor - Failed to resolve history item group base for 'refs/heads/master'
2024-12-24 22:34:19.392 [info] > git config --get commit.template [2ms]
2024-12-24 22:34:19.406 [info] > git for-each-ref --format=%(refname)%00%(upstream:short)%00%(objectname)%00%(upstream:track)%00%(upstream:remotename)%00%(upstream:remoteref) refs/heads/master refs/remotes/master [1ms]
2024-12-24 22:34:19.424 [info] > git status -z -uall [6ms]
2024-12-24 22:34:19.527 [info] > git for-each-ref --format=%(refname)%00%(upstream:short)%00%(objectname)%00%(upstream:track)%00%(upstream:remotename)%00%(upstream:remoteref) refs/heads/master [2ms]
2024-12-24 22:34:19.541 [info] > git for-each-ref --format=%(refname)%00%(upstream:short)%00%(objectname)%00%(upstream:track)%00%(upstream:remotename)%00%(upstream:remoteref) refs/heads/master [2ms]
2024-12-24 22:34:19.557 [info] > git config --local branch.master.vscode-merge-base [1ms]
2024-12-24 22:34:19.557 [warning] git config failed: Failed to execute git
2024-12-24 22:34:19.572 [info] > git reflog refs/heads/master --grep-reflog=branch: Created from *. [2ms]
2024-12-24 22:34:19.586 [info] > git symbolic-ref --short refs/remotes/origin/HEAD [1ms]
2024-12-24 22:34:19.586 [info] fatal: ref refs/remotes/origin/HEAD is not a symbolic ref
2024-12-24 22:34:19.586 [info] GitHistoryProvider:resolveHistoryItemGroupBase - Failed to resolve history item group base for 'refs/heads/master'
2024-12-24 22:34:19.586 [info] GitHistoryProvider:resolveHistoryItemGroupCommonAncestor - Failed to resolve history item group base for 'refs/heads/master'
2024-12-24 22:34:19.836 [info] > git for-each-ref --format=%(refname)%00%(upstream:short)%00%(objectname)%00%(upstream:track)%00%(upstream:remotename)%00%(upstream:remoteref) refs/heads/master [2ms]
2024-12-24 22:34:19.851 [info] > git for-each-ref --format=%(refname)%00%(upstream:short)%00%(objectname)%00%(upstream:track)%00%(upstream:remotename)%00%(upstream:remoteref) refs/heads/master [2ms]
2024-12-24 22:34:19.866 [info] > git config --local branch.master.vscode-merge-base [1ms]
2024-12-24 22:34:19.866 [warning] git config failed: Failed to execute git
2024-12-24 22:34:19.881 [info] > git reflog refs/heads/master --grep-reflog=branch: Created from *. [2ms]
2024-12-24 22:34:19.896 [info] > git symbolic-ref --short refs/remotes/origin/HEAD [1ms]
2024-12-24 22:34:19.896 [info] fatal: ref refs/remotes/origin/HEAD is not a symbolic ref
2024-12-24 22:34:19.896 [info] GitHistoryProvider:resolveHistoryItemGroupBase - Failed to resolve history item group base for 'refs/heads/master'
2024-12-24 22:34:19.896 [info] GitHistoryProvider:resolveHistoryItemGroupCommonAncestor - Failed to resolve history item group base for 'refs/heads/master'
2024-12-24 22:34:20.705 [info] > git ls-files --stage -- /home/allyelvis6569/README-cloudshell.txt [1ms]
2024-12-24 22:34:20.720 [info] > git cat-file -s 9fa5a74e750d98eb725eca4ca09ba01af2f5cd24 [2ms]
2024-12-24 22:34:20.947 [info] > git show --textconv :README-cloudshell.txt [2ms]
2024-12-24 22:34:21.271 [info] > git config --get commit.template [16ms]
2024-12-24 22:34:21.271 [info] > git for-each-ref --format=%(refname)%00%(upstream:short)%00%(objectname)%00%(upstream:track)%00%(upstream:remotename)%00%(upstream:remoteref) refs/heads/master refs/remotes/master [3ms]
2024-12-24 22:34:21.292 [info] > git status -z -uall [7ms]
2024-12-24 22:34:26.322 [info] > git config --get commit.template [14ms]
2024-12-24 22:34:26.322 [info] > git for-each-ref --format=%(refname)%00%(upstream:short)%00%(objectname)%00%(upstream:track)%00%(upstream:remotename)%00%(upstream:remoteref) refs/heads/master refs/remotes/master [1ms]
2024-12-24 22:34:26.341 [info] > git status -z -uall [6ms]
